Making all in include
Making all in noise
Making all in .
make[3]: Nothing to be done for `all-am'.
Making all in protocol
make[3]: Nothing to be done for `all'.
Making all in keys
make[3]: Nothing to be done for `all'.
make[2]: Nothing to be done for `all-am'.
Making all in src
Making all in protocol
depbase=`echo cipherstate.o | sed 's|[^/]*$|.deps/&|;s|\.o$||'`;\
	gcc -DPACKAGE_NAME=\"noise-c\" -DPACKAGE_TARNAME=\"noise-c\" -DPACKAGE_VERSION=\"0.0.1\" -DPACKAGE_STRING=\"noise-c\ 0.0.1\" -DPACKAGE_BUGREPORT=\"\" -DPACKAGE_URL=\"\" -DPACKAGE=\"noise-c\" -DVERSION=\"0.0.1\" -DHAVE_STDIO_H=1 -DHAVE_STDLIB_H=1 -DHAVE_STRING_H=1 -DHAVE_INTTYPES_H=1 -DHAVE_STDINT_H=1 -DHAVE_STRINGS_H=1 -DHAVE_SYS_STAT_H=1 -DHAVE_SYS_TYPES_H=1 -DHAVE_UNISTD_H=1 -DSTDC_HEADERS=1 -DSIZEOF_VOID_P=8 -DHAVE_LIBRT=1 -DHAVE_POLL=1 -DHAVE_PTHREAD_PRIO_INHERIT=1 -I.  -I../../include -I../../src -I../../src/crypto/goldilocks/src/include -I../../src/crypto/goldilocks/src/p448 -I../../src/crypto/goldilocks/src/p448/arch_x86_64   -DED25519_CUSTOMHASH -DED25519_CUSTOMRANDOM  -Wall   -g -O2 -pthread -MT cipherstate.o -MD -MP -MF $depbase.Tpo -c -o cipherstate.o cipherstate.c &&\
	mv -f $depbase.Tpo $depbase.Po
depbase=`echo dhstate.o | sed 's|[^/]*$|.deps/&|;s|\.o$||'`;\
	gcc -DPACKAGE_NAME=\"noise-c\" -DPACKAGE_TARNAME=\"noise-c\" -DPACKAGE_VERSION=\"0.0.1\" -DPACKAGE_STRING=\"noise-c\ 0.0.1\" -DPACKAGE_BUGREPORT=\"\" -DPACKAGE_URL=\"\" -DPACKAGE=\"noise-c\" -DVERSION=\"0.0.1\" -DHAVE_STDIO_H=1 -DHAVE_STDLIB_H=1 -DHAVE_STRING_H=1 -DHAVE_INTTYPES_H=1 -DHAVE_STDINT_H=1 -DHAVE_STRINGS_H=1 -DHAVE_SYS_STAT_H=1 -DHAVE_SYS_TYPES_H=1 -DHAVE_UNISTD_H=1 -DSTDC_HEADERS=1 -DSIZEOF_VOID_P=8 -DHAVE_LIBRT=1 -DHAVE_POLL=1 -DHAVE_PTHREAD_PRIO_INHERIT=1 -I.  -I../../include -I../../src -I../../src/crypto/goldilocks/src/include -I../../src/crypto/goldilocks/src/p448 -I../../src/crypto/goldilocks/src/p448/arch_x86_64   -DED25519_CUSTOMHASH -DED25519_CUSTOMRANDOM  -Wall   -g -O2 -pthread -MT dhstate.o -MD -MP -MF $depbase.Tpo -c -o dhstate.o dhstate.c &&\
	mv -f $depbase.Tpo $depbase.Po
depbase=`echo errors.o | sed 's|[^/]*$|.deps/&|;s|\.o$||'`;\
	gcc -DPACKAGE_NAME=\"noise-c\" -DPACKAGE_TARNAME=\"noise-c\" -DPACKAGE_VERSION=\"0.0.1\" -DPACKAGE_STRING=\"noise-c\ 0.0.1\" -DPACKAGE_BUGREPORT=\"\" -DPACKAGE_URL=\"\" -DPACKAGE=\"noise-c\" -DVERSION=\"0.0.1\" -DHAVE_STDIO_H=1 -DHAVE_STDLIB_H=1 -DHAVE_STRING_H=1 -DHAVE_INTTYPES_H=1 -DHAVE_STDINT_H=1 -DHAVE_STRINGS_H=1 -DHAVE_SYS_STAT_H=1 -DHAVE_SYS_TYPES_H=1 -DHAVE_UNISTD_H=1 -DSTDC_HEADERS=1 -DSIZEOF_VOID_P=8 -DHAVE_LIBRT=1 -DHAVE_POLL=1 -DHAVE_PTHREAD_PRIO_INHERIT=1 -I.  -I../../include -I../../src -I../../src/crypto/goldilocks/src/include -I../../src/crypto/goldilocks/src/p448 -I../../src/crypto/goldilocks/src/p448/arch_x86_64   -DED25519_CUSTOMHASH -DED25519_CUSTOMRANDOM  -Wall   -g -O2 -pthread -MT errors.o -MD -MP -MF $depbase.Tpo -c -o errors.o errors.c &&\
	mv -f $depbase.Tpo $depbase.Po
depbase=`echo handshakestate.o | sed 's|[^/]*$|.deps/&|;s|\.o$||'`;\
	gcc -DPACKAGE_NAME=\"noise-c\" -DPACKAGE_TARNAME=\"noise-c\" -DPACKAGE_VERSION=\"0.0.1\" -DPACKAGE_STRING=\"noise-c\ 0.0.1\" -DPACKAGE_BUGREPORT=\"\" -DPACKAGE_URL=\"\" -DPACKAGE=\"noise-c\" -DVERSION=\"0.0.1\" -DHAVE_STDIO_H=1 -DHAVE_STDLIB_H=1 -DHAVE_STRING_H=1 -DHAVE_INTTYPES_H=1 -DHAVE_STDINT_H=1 -DHAVE_STRINGS_H=1 -DHAVE_SYS_STAT_H=1 -DHAVE_SYS_TYPES_H=1 -DHAVE_UNISTD_H=1 -DSTDC_HEADERS=1 -DSIZEOF_VOID_P=8 -DHAVE_LIBRT=1 -DHAVE_POLL=1 -DHAVE_PTHREAD_PRIO_INHERIT=1 -I.  -I../../include -I../../src -I../../src/crypto/goldilocks/src/include -I../../src/crypto/goldilocks/src/p448 -I../../src/crypto/goldilocks/src/p448/arch_x86_64   -DED25519_CUSTOMHASH -DED25519_CUSTOMRANDOM  -Wall   -g -O2 -pthread -MT handshakestate.o -MD -MP -MF $depbase.Tpo -c -o handshakestate.o handshakestate.c &&\
	mv -f $depbase.Tpo $depbase.Po
depbase=`echo hashstate.o | sed 's|[^/]*$|.deps/&|;s|\.o$||'`;\
	gcc -DPACKAGE_NAME=\"noise-c\" -DPACKAGE_TARNAME=\"noise-c\" -DPACKAGE_VERSION=\"0.0.1\" -DPACKAGE_STRING=\"noise-c\ 0.0.1\" -DPACKAGE_BUGREPORT=\"\" -DPACKAGE_URL=\"\" -DPACKAGE=\"noise-c\" -DVERSION=\"0.0.1\" -DHAVE_STDIO_H=1 -DHAVE_STDLIB_H=1 -DHAVE_STRING_H=1 -DHAVE_INTTYPES_H=1 -DHAVE_STDINT_H=1 -DHAVE_STRINGS_H=1 -DHAVE_SYS_STAT_H=1 -DHAVE_SYS_TYPES_H=1 -DHAVE_UNISTD_H=1 -DSTDC_HEADERS=1 -DSIZEOF_VOID_P=8 -DHAVE_LIBRT=1 -DHAVE_POLL=1 -DHAVE_PTHREAD_PRIO_INHERIT=1 -I.  -I../../include -I../../src -I../../src/crypto/goldilocks/src/include -I../../src/crypto/goldilocks/src/p448 -I../../src/crypto/goldilocks/src/p448/arch_x86_64   -DED25519_CUSTOMHASH -DED25519_CUSTOMRANDOM  -Wall   -g -O2 -pthread -MT hashstate.o -MD -MP -MF $depbase.Tpo -c -o hashstate.o hashstate.c &&\
	mv -f $depbase.Tpo $depbase.Po
depbase=`echo internal.o | sed 's|[^/]*$|.deps/&|;s|\.o$||'`;\
	gcc -DPACKAGE_NAME=\"noise-c\" -DPACKAGE_TARNAME=\"noise-c\" -DPACKAGE_VERSION=\"0.0.1\" -DPACKAGE_STRING=\"noise-c\ 0.0.1\" -DPACKAGE_BUGREPORT=\"\" -DPACKAGE_URL=\"\" -DPACKAGE=\"noise-c\" -DVERSION=\"0.0.1\" -DHAVE_STDIO_H=1 -DHAVE_STDLIB_H=1 -DHAVE_STRING_H=1 -DHAVE_INTTYPES_H=1 -DHAVE_STDINT_H=1 -DHAVE_STRINGS_H=1 -DHAVE_SYS_STAT_H=1 -DHAVE_SYS_TYPES_H=1 -DHAVE_UNISTD_H=1 -DSTDC_HEADERS=1 -DSIZEOF_VOID_P=8 -DHAVE_LIBRT=1 -DHAVE_POLL=1 -DHAVE_PTHREAD_PRIO_INHERIT=1 -I.  -I../../include -I../../src -I../../src/crypto/goldilocks/src/include -I../../src/crypto/goldilocks/src/p448 -I../../src/crypto/goldilocks/src/p448/arch_x86_64   -DED25519_CUSTOMHASH -DED25519_CUSTOMRANDOM  -Wall   -g -O2 -pthread -MT internal.o -MD -MP -MF $depbase.Tpo -c -o internal.o internal.c &&\
	mv -f $depbase.Tpo $depbase.Po
depbase=`echo names.o | sed 's|[^/]*$|.deps/&|;s|\.o$||'`;\
	gcc -DPACKAGE_NAME=\"noise-c\" -DPACKAGE_TARNAME=\"noise-c\" -DPACKAGE_VERSION=\"0.0.1\" -DPACKAGE_STRING=\"noise-c\ 0.0.1\" -DPACKAGE_BUGREPORT=\"\" -DPACKAGE_URL=\"\" -DPACKAGE=\"noise-c\" -DVERSION=\"0.0.1\" -DHAVE_STDIO_H=1 -DHAVE_STDLIB_H=1 -DHAVE_STRING_H=1 -DHAVE_INTTYPES_H=1 -DHAVE_STDINT_H=1 -DHAVE_STRINGS_H=1 -DHAVE_SYS_STAT_H=1 -DHAVE_SYS_TYPES_H=1 -DHAVE_UNISTD_H=1 -DSTDC_HEADERS=1 -DSIZEOF_VOID_P=8 -DHAVE_LIBRT=1 -DHAVE_POLL=1 -DHAVE_PTHREAD_PRIO_INHERIT=1 -I.  -I../../include -I../../src -I../../src/crypto/goldilocks/src/include -I../../src/crypto/goldilocks/src/p448 -I../../src/crypto/goldilocks/src/p448/arch_x86_64   -DED25519_CUSTOMHASH -DED25519_CUSTOMRANDOM  -Wall   -g -O2 -pthread -MT names.o -MD -MP -MF $depbase.Tpo -c -o names.o names.c &&\
	mv -f $depbase.Tpo $depbase.Po
depbase=`echo patterns.o | sed 's|[^/]*$|.deps/&|;s|\.o$||'`;\
	gcc -DPACKAGE_NAME=\"noise-c\" -DPACKAGE_TARNAME=\"noise-c\" -DPACKAGE_VERSION=\"0.0.1\" -DPACKAGE_STRING=\"noise-c\ 0.0.1\" -DPACKAGE_BUGREPORT=\"\" -DPACKAGE_URL=\"\" -DPACKAGE=\"noise-c\" -DVERSION=\"0.0.1\" -DHAVE_STDIO_H=1 -DHAVE_STDLIB_H=1 -DHAVE_STRING_H=1 -DHAVE_INTTYPES_H=1 -DHAVE_STDINT_H=1 -DHAVE_STRINGS_H=1 -DHAVE_SYS_STAT_H=1 -DHAVE_SYS_TYPES_H=1 -DHAVE_UNISTD_H=1 -DSTDC_HEADERS=1 -DSIZEOF_VOID_P=8 -DHAVE_LIBRT=1 -DHAVE_POLL=1 -DHAVE_PTHREAD_PRIO_INHERIT=1 -I.  -I../../include -I../../src -I../../src/crypto/goldilocks/src/include -I../../src/crypto/goldilocks/src/p448 -I../../src/crypto/goldilocks/src/p448/arch_x86_64   -DED25519_CUSTOMHASH -DED25519_CUSTOMRANDOM  -Wall   -g -O2 -pthread -MT patterns.o -MD -MP -MF $depbase.Tpo -c -o patterns.o patterns.c &&\
	mv -f $depbase.Tpo $depbase.Po
depbase=`echo randstate.o | sed 's|[^/]*$|.deps/&|;s|\.o$||'`;\
	gcc -DPACKAGE_NAME=\"noise-c\" -DPACKAGE_TARNAME=\"noise-c\" -DPACKAGE_VERSION=\"0.0.1\" -DPACKAGE_STRING=\"noise-c\ 0.0.1\" -DPACKAGE_BUGREPORT=\"\" -DPACKAGE_URL=\"\" -DPACKAGE=\"noise-c\" -DVERSION=\"0.0.1\" -DHAVE_STDIO_H=1 -DHAVE_STDLIB_H=1 -DHAVE_STRING_H=1 -DHAVE_INTTYPES_H=1 -DHAVE_STDINT_H=1 -DHAVE_STRINGS_H=1 -DHAVE_SYS_STAT_H=1 -DHAVE_SYS_TYPES_H=1 -DHAVE_UNISTD_H=1 -DSTDC_HEADERS=1 -DSIZEOF_VOID_P=8 -DHAVE_LIBRT=1 -DHAVE_POLL=1 -DHAVE_PTHREAD_PRIO_INHERIT=1 -I.  -I../../include -I../../src -I../../src/crypto/goldilocks/src/include -I../../src/crypto/goldilocks/src/p448 -I../../src/crypto/goldilocks/src/p448/arch_x86_64   -DED25519_CUSTOMHASH -DED25519_CUSTOMRANDOM  -Wall   -g -O2 -pthread -MT randstate.o -MD -MP -MF $depbase.Tpo -c -o randstate.o randstate.c &&\
	mv -f $depbase.Tpo $depbase.Po
depbase=`echo signstate.o | sed 's|[^/]*$|.deps/&|;s|\.o$||'`;\
	gcc -DPACKAGE_NAME=\"noise-c\" -DPACKAGE_TARNAME=\"noise-c\" -DPACKAGE_VERSION=\"0.0.1\" -DPACKAGE_STRING=\"noise-c\ 0.0.1\" -DPACKAGE_BUGREPORT=\"\" -DPACKAGE_URL=\"\" -DPACKAGE=\"noise-c\" -DVERSION=\"0.0.1\" -DHAVE_STDIO_H=1 -DHAVE_STDLIB_H=1 -DHAVE_STRING_H=1 -DHAVE_INTTYPES_H=1 -DHAVE_STDINT_H=1 -DHAVE_STRINGS_H=1 -DHAVE_SYS_STAT_H=1 -DHAVE_SYS_TYPES_H=1 -DHAVE_UNISTD_H=1 -DSTDC_HEADERS=1 -DSIZEOF_VOID_P=8 -DHAVE_LIBRT=1 -DHAVE_POLL=1 -DHAVE_PTHREAD_PRIO_INHERIT=1 -I.  -I../../include -I../../src -I../../src/crypto/goldilocks/src/include -I../../src/crypto/goldilocks/src/p448 -I../../src/crypto/goldilocks/src/p448/arch_x86_64   -DED25519_CUSTOMHASH -DED25519_CUSTOMRANDOM  -Wall   -g -O2 -pthread -MT signstate.o -MD -MP -MF $depbase.Tpo -c -o signstate.o signstate.c &&\
	mv -f $depbase.Tpo $depbase.Po
depbase=`echo symmetricstate.o | sed 's|[^/]*$|.deps/&|;s|\.o$||'`;\
	gcc -DPACKAGE_NAME=\"noise-c\" -DPACKAGE_TARNAME=\"noise-c\" -DPACKAGE_VERSION=\"0.0.1\" -DPACKAGE_STRING=\"noise-c\ 0.0.1\" -DPACKAGE_BUGREPORT=\"\" -DPACKAGE_URL=\"\" -DPACKAGE=\"noise-c\" -DVERSION=\"0.0.1\" -DHAVE_STDIO_H=1 -DHAVE_STDLIB_H=1 -DHAVE_STRING_H=1 -DHAVE_INTTYPES_H=1 -DHAVE_STDINT_H=1 -DHAVE_STRINGS_H=1 -DHAVE_SYS_STAT_H=1 -DHAVE_SYS_TYPES_H=1 -DHAVE_UNISTD_H=1 -DSTDC_HEADERS=1 -DSIZEOF_VOID_P=8 -DHAVE_LIBRT=1 -DHAVE_POLL=1 -DHAVE_PTHREAD_PRIO_INHERIT=1 -I.  -I../../include -I../../src -I../../src/crypto/goldilocks/src/include -I../../src/crypto/goldilocks/src/p448 -I../../src/crypto/goldilocks/src/p448/arch_x86_64   -DED25519_CUSTOMHASH -DED25519_CUSTOMRANDOM  -Wall   -g -O2 -pthread -MT symmetricstate.o -MD -MP -MF $depbase.Tpo -c -o symmetricstate.o symmetricstate.c &&\
	mv -f $depbase.Tpo $depbase.Po
depbase=`echo util.o | sed 's|[^/]*$|.deps/&|;s|\.o$||'`;\
	gcc -DPACKAGE_NAME=\"noise-c\" -DPACKAGE_TARNAME=\"noise-c\" -DPACKAGE_VERSION=\"0.0.1\" -DPACKAGE_STRING=\"noise-c\ 0.0.1\" -DPACKAGE_BUGREPORT=\"\" -DPACKAGE_URL=\"\" -DPACKAGE=\"noise-c\" -DVERSION=\"0.0.1\" -DHAVE_STDIO_H=1 -DHAVE_STDLIB_H=1 -DHAVE_STRING_H=1 -DHAVE_INTTYPES_H=1 -DHAVE_STDINT_H=1 -DHAVE_STRINGS_H=1 -DHAVE_SYS_STAT_H=1 -DHAVE_SYS_TYPES_H=1 -DHAVE_UNISTD_H=1 -DSTDC_HEADERS=1 -DSIZEOF_VOID_P=8 -DHAVE_LIBRT=1 -DHAVE_POLL=1 -DHAVE_PTHREAD_PRIO_INHERIT=1 -I.  -I../../include -I../../src -I../../src/crypto/goldilocks/src/include -I../../src/crypto/goldilocks/src/p448 -I../../src/crypto/goldilocks/src/p448/arch_x86_64   -DED25519_CUSTOMHASH -DED25519_CUSTOMRANDOM  -Wall   -g -O2 -pthread -MT util.o -MD -MP -MF $depbase.Tpo -c -o util.o util.c &&\
	mv -f $depbase.Tpo $depbase.Po
depbase=`echo ../backend/ref/dh-curve448.o | sed 's|[^/]*$|.deps/&|;s|\.o$||'`;\
	gcc -DPACKAGE_NAME=\"noise-c\" -DPACKAGE_TARNAME=\"noise-c\" -DPACKAGE_VERSION=\"0.0.1\" -DPACKAGE_STRING=\"noise-c\ 0.0.1\" -DPACKAGE_BUGREPORT=\"\" -DPACKAGE_URL=\"\" -DPACKAGE=\"noise-c\" -DVERSION=\"0.0.1\" -DHAVE_STDIO_H=1 -DHAVE_STDLIB_H=1 -DHAVE_STRING_H=1 -DHAVE_INTTYPES_H=1 -DHAVE_STDINT_H=1 -DHAVE_STRINGS_H=1 -DHAVE_SYS_STAT_H=1 -DHAVE_SYS_TYPES_H=1 -DHAVE_UNISTD_H=1 -DSTDC_HEADERS=1 -DSIZEOF_VOID_P=8 -DHAVE_LIBRT=1 -DHAVE_POLL=1 -DHAVE_PTHREAD_PRIO_INHERIT=1 -I.  -I../../include -I../../src -I../../src/crypto/goldilocks/src/include -I../../src/crypto/goldilocks/src/p448 -I../../src/crypto/goldilocks/src/p448/arch_x86_64   -DED25519_CUSTOMHASH -DED25519_CUSTOMRANDOM  -Wall   -g -O2 -pthread -MT ../backend/ref/dh-curve448.o -MD -MP -MF $depbase.Tpo -c -o ../backend/ref/dh-curve448.o ../backend/ref/dh-curve448.c &&\
	mv -f $depbase.Tpo $depbase.Po
depbase=`echo ../backend/ref/dh-newhope.o | sed 's|[^/]*$|.deps/&|;s|\.o$||'`;\
	gcc -DPACKAGE_NAME=\"noise-c\" -DPACKAGE_TARNAME=\"noise-c\" -DPACKAGE_VERSION=\"0.0.1\" -DPACKAGE_STRING=\"noise-c\ 0.0.1\" -DPACKAGE_BUGREPORT=\"\" -DPACKAGE_URL=\"\" -DPACKAGE=\"noise-c\" -DVERSION=\"0.0.1\" -DHAVE_STDIO_H=1 -DHAVE_STDLIB_H=1 -DHAVE_STRING_H=1 -DHAVE_INTTYPES_H=1 -DHAVE_STDINT_H=1 -DHAVE_STRINGS_H=1 -DHAVE_SYS_STAT_H=1 -DHAVE_SYS_TYPES_H=1 -DHAVE_UNISTD_H=1 -DSTDC_HEADERS=1 -DSIZEOF_VOID_P=8 -DHAVE_LIBRT=1 -DHAVE_POLL=1 -DHAVE_PTHREAD_PRIO_INHERIT=1 -I.  -I../../include -I../../src -I../../src/crypto/goldilocks/src/include -I../../src/crypto/goldilocks/src/p448 -I../../src/crypto/goldilocks/src/p448/arch_x86_64   -DED25519_CUSTOMHASH -DED25519_CUSTOMRANDOM  -Wall   -g -O2 -pthread -MT ../backend/ref/dh-newhope.o -MD -MP -MF $depbase.Tpo -c -o ../backend/ref/dh-newhope.o ../backend/ref/dh-newhope.c &&\
	mv -f $depbase.Tpo $depbase.Po
depbase=`echo ../backend/ref/dh-kyber.o | sed 's|[^/]*$|.deps/&|;s|\.o$||'`;\
	gcc -DPACKAGE_NAME=\"noise-c\" -DPACKAGE_TARNAME=\"noise-c\" -DPACKAGE_VERSION=\"0.0.1\" -DPACKAGE_STRING=\"noise-c\ 0.0.1\" -DPACKAGE_BUGREPORT=\"\" -DPACKAGE_URL=\"\" -DPACKAGE=\"noise-c\" -DVERSION=\"0.0.1\" -DHAVE_STDIO_H=1 -DHAVE_STDLIB_H=1 -DHAVE_STRING_H=1 -DHAVE_INTTYPES_H=1 -DHAVE_STDINT_H=1 -DHAVE_STRINGS_H=1 -DHAVE_SYS_STAT_H=1 -DHAVE_SYS_TYPES_H=1 -DHAVE_UNISTD_H=1 -DSTDC_HEADERS=1 -DSIZEOF_VOID_P=8 -DHAVE_LIBRT=1 -DHAVE_POLL=1 -DHAVE_PTHREAD_PRIO_INHERIT=1 -I.  -I../../include -I../../src -I../../src/crypto/goldilocks/src/include -I../../src/crypto/goldilocks/src/p448 -I../../src/crypto/goldilocks/src/p448/arch_x86_64   -DED25519_CUSTOMHASH -DED25519_CUSTOMRANDOM  -Wall   -g -O2 -pthread -MT ../backend/ref/dh-kyber.o -MD -MP -MF $depbase.Tpo -c -o ../backend/ref/dh-kyber.o ../backend/ref/dh-kyber.c &&\
	mv -f $depbase.Tpo $depbase.Po
depbase=`echo ../backend/ref/hash-blake2s.o | sed 's|[^/]*$|.deps/&|;s|\.o$||'`;\
	gcc -DPACKAGE_NAME=\"noise-c\" -DPACKAGE_TARNAME=\"noise-c\" -DPACKAGE_VERSION=\"0.0.1\" -DPACKAGE_STRING=\"noise-c\ 0.0.1\" -DPACKAGE_BUGREPORT=\"\" -DPACKAGE_URL=\"\" -DPACKAGE=\"noise-c\" -DVERSION=\"0.0.1\" -DHAVE_STDIO_H=1 -DHAVE_STDLIB_H=1 -DHAVE_STRING_H=1 -DHAVE_INTTYPES_H=1 -DHAVE_STDINT_H=1 -DHAVE_STRINGS_H=1 -DHAVE_SYS_STAT_H=1 -DHAVE_SYS_TYPES_H=1 -DHAVE_UNISTD_H=1 -DSTDC_HEADERS=1 -DSIZEOF_VOID_P=8 -DHAVE_LIBRT=1 -DHAVE_POLL=1 -DHAVE_PTHREAD_PRIO_INHERIT=1 -I.  -I../../include -I../../src -I../../src/crypto/goldilocks/src/include -I../../src/crypto/goldilocks/src/p448 -I../../src/crypto/goldilocks/src/p448/arch_x86_64   -DED25519_CUSTOMHASH -DED25519_CUSTOMRANDOM  -Wall   -g -O2 -pthread -MT ../backend/ref/hash-blake2s.o -MD -MP -MF $depbase.Tpo -c -o ../backend/ref/hash-blake2s.o ../backend/ref/hash-blake2s.c &&\
	mv -f $depbase.Tpo $depbase.Po
depbase=`echo ../backend/ref/dh-hqc.o | sed 's|[^/]*$|.deps/&|;s|\.o$||'`;\
	gcc -DPACKAGE_NAME=\"noise-c\" -DPACKAGE_TARNAME=\"noise-c\" -DPACKAGE_VERSION=\"0.0.1\" -DPACKAGE_STRING=\"noise-c\ 0.0.1\" -DPACKAGE_BUGREPORT=\"\" -DPACKAGE_URL=\"\" -DPACKAGE=\"noise-c\" -DVERSION=\"0.0.1\" -DHAVE_STDIO_H=1 -DHAVE_STDLIB_H=1 -DHAVE_STRING_H=1 -DHAVE_INTTYPES_H=1 -DHAVE_STDINT_H=1 -DHAVE_STRINGS_H=1 -DHAVE_SYS_STAT_H=1 -DHAVE_SYS_TYPES_H=1 -DHAVE_UNISTD_H=1 -DSTDC_HEADERS=1 -DSIZEOF_VOID_P=8 -DHAVE_LIBRT=1 -DHAVE_POLL=1 -DHAVE_PTHREAD_PRIO_INHERIT=1 -I.  -I../../include -I../../src -I../../src/crypto/goldilocks/src/include -I../../src/crypto/goldilocks/src/p448 -I../../src/crypto/goldilocks/src/p448/arch_x86_64   -DED25519_CUSTOMHASH -DED25519_CUSTOMRANDOM  -Wall   -g -O2 -pthread -MT ../backend/ref/dh-hqc.o -MD -MP -MF $depbase.Tpo -c -o ../backend/ref/dh-hqc.o ../backend/ref/dh-hqc.c &&\
	mv -f $depbase.Tpo $depbase.Po
depbase=`echo ../crypto/blake2/blake2s.o | sed 's|[^/]*$|.deps/&|;s|\.o$||'`;\
	gcc -DPACKAGE_NAME=\"noise-c\" -DPACKAGE_TARNAME=\"noise-c\" -DPACKAGE_VERSION=\"0.0.1\" -DPACKAGE_STRING=\"noise-c\ 0.0.1\" -DPACKAGE_BUGREPORT=\"\" -DPACKAGE_URL=\"\" -DPACKAGE=\"noise-c\" -DVERSION=\"0.0.1\" -DHAVE_STDIO_H=1 -DHAVE_STDLIB_H=1 -DHAVE_STRING_H=1 -DHAVE_INTTYPES_H=1 -DHAVE_STDINT_H=1 -DHAVE_STRINGS_H=1 -DHAVE_SYS_STAT_H=1 -DHAVE_SYS_TYPES_H=1 -DHAVE_UNISTD_H=1 -DSTDC_HEADERS=1 -DSIZEOF_VOID_P=8 -DHAVE_LIBRT=1 -DHAVE_POLL=1 -DHAVE_PTHREAD_PRIO_INHERIT=1 -I.  -I../../include -I../../src -I../../src/crypto/goldilocks/src/include -I../../src/crypto/goldilocks/src/p448 -I../../src/crypto/goldilocks/src/p448/arch_x86_64   -DED25519_CUSTOMHASH -DED25519_CUSTOMRANDOM  -Wall   -g -O2 -pthread -MT ../crypto/blake2/blake2s.o -MD -MP -MF $depbase.Tpo -c -o ../crypto/blake2/blake2s.o ../crypto/blake2/blake2s.c &&\
	mv -f $depbase.Tpo $depbase.Po
depbase=`echo ../crypto/curve448/curve448.o | sed 's|[^/]*$|.deps/&|;s|\.o$||'`;\
	gcc -DPACKAGE_NAME=\"noise-c\" -DPACKAGE_TARNAME=\"noise-c\" -DPACKAGE_VERSION=\"0.0.1\" -DPACKAGE_STRING=\"noise-c\ 0.0.1\" -DPACKAGE_BUGREPORT=\"\" -DPACKAGE_URL=\"\" -DPACKAGE=\"noise-c\" -DVERSION=\"0.0.1\" -DHAVE_STDIO_H=1 -DHAVE_STDLIB_H=1 -DHAVE_STRING_H=1 -DHAVE_INTTYPES_H=1 -DHAVE_STDINT_H=1 -DHAVE_STRINGS_H=1 -DHAVE_SYS_STAT_H=1 -DHAVE_SYS_TYPES_H=1 -DHAVE_UNISTD_H=1 -DSTDC_HEADERS=1 -DSIZEOF_VOID_P=8 -DHAVE_LIBRT=1 -DHAVE_POLL=1 -DHAVE_PTHREAD_PRIO_INHERIT=1 -I.  -I../../include -I../../src -I../../src/crypto/goldilocks/src/include -I../../src/crypto/goldilocks/src/p448 -I../../src/crypto/goldilocks/src/p448/arch_x86_64   -DED25519_CUSTOMHASH -DED25519_CUSTOMRANDOM  -Wall   -g -O2 -pthread -MT ../crypto/curve448/curve448.o -MD -MP -MF $depbase.Tpo -c -o ../crypto/curve448/curve448.o ../crypto/curve448/curve448.c &&\
	mv -f $depbase.Tpo $depbase.Po
depbase=`echo ../crypto/goldilocks/src/p448/arch_x86_64/p448.o | sed 's|[^/]*$|.deps/&|;s|\.o$||'`;\
	gcc -DPACKAGE_NAME=\"noise-c\" -DPACKAGE_TARNAME=\"noise-c\" -DPACKAGE_VERSION=\"0.0.1\" -DPACKAGE_STRING=\"noise-c\ 0.0.1\" -DPACKAGE_BUGREPORT=\"\" -DPACKAGE_URL=\"\" -DPACKAGE=\"noise-c\" -DVERSION=\"0.0.1\" -DHAVE_STDIO_H=1 -DHAVE_STDLIB_H=1 -DHAVE_STRING_H=1 -DHAVE_INTTYPES_H=1 -DHAVE_STDINT_H=1 -DHAVE_STRINGS_H=1 -DHAVE_SYS_STAT_H=1 -DHAVE_SYS_TYPES_H=1 -DHAVE_UNISTD_H=1 -DSTDC_HEADERS=1 -DSIZEOF_VOID_P=8 -DHAVE_LIBRT=1 -DHAVE_POLL=1 -DHAVE_PTHREAD_PRIO_INHERIT=1 -I.  -I../../include -I../../src -I../../src/crypto/goldilocks/src/include -I../../src/crypto/goldilocks/src/p448 -I../../src/crypto/goldilocks/src/p448/arch_x86_64   -DED25519_CUSTOMHASH -DED25519_CUSTOMRANDOM  -Wall   -g -O2 -pthread -MT ../crypto/goldilocks/src/p448/arch_x86_64/p448.o -MD -MP -MF $depbase.Tpo -c -o ../crypto/goldilocks/src/p448/arch_x86_64/p448.o ../crypto/goldilocks/src/p448/arch_x86_64/p448.c &&\
	mv -f $depbase.Tpo $depbase.Po
depbase=`echo ../crypto/newhope/batcher.o | sed 's|[^/]*$|.deps/&|;s|\.o$||'`;\
	gcc -DPACKAGE_NAME=\"noise-c\" -DPACKAGE_TARNAME=\"noise-c\" -DPACKAGE_VERSION=\"0.0.1\" -DPACKAGE_STRING=\"noise-c\ 0.0.1\" -DPACKAGE_BUGREPORT=\"\" -DPACKAGE_URL=\"\" -DPACKAGE=\"noise-c\" -DVERSION=\"0.0.1\" -DHAVE_STDIO_H=1 -DHAVE_STDLIB_H=1 -DHAVE_STRING_H=1 -DHAVE_INTTYPES_H=1 -DHAVE_STDINT_H=1 -DHAVE_STRINGS_H=1 -DHAVE_SYS_STAT_H=1 -DHAVE_SYS_TYPES_H=1 -DHAVE_UNISTD_H=1 -DSTDC_HEADERS=1 -DSIZEOF_VOID_P=8 -DHAVE_LIBRT=1 -DHAVE_POLL=1 -DHAVE_PTHREAD_PRIO_INHERIT=1 -I.  -I../../include -I../../src -I../../src/crypto/goldilocks/src/include -I../../src/crypto/goldilocks/src/p448 -I../../src/crypto/goldilocks/src/p448/arch_x86_64   -DED25519_CUSTOMHASH -DED25519_CUSTOMRANDOM  -Wall   -g -O2 -pthread -MT ../crypto/newhope/batcher.o -MD -MP -MF $depbase.Tpo -c -o ../crypto/newhope/batcher.o ../crypto/newhope/batcher.c &&\
	mv -f $depbase.Tpo $depbase.Po
depbase=`echo ../crypto/newhope/error_correction.o | sed 's|[^/]*$|.deps/&|;s|\.o$||'`;\
	gcc -DPACKAGE_NAME=\"noise-c\" -DPACKAGE_TARNAME=\"noise-c\" -DPACKAGE_VERSION=\"0.0.1\" -DPACKAGE_STRING=\"noise-c\ 0.0.1\" -DPACKAGE_BUGREPORT=\"\" -DPACKAGE_URL=\"\" -DPACKAGE=\"noise-c\" -DVERSION=\"0.0.1\" -DHAVE_STDIO_H=1 -DHAVE_STDLIB_H=1 -DHAVE_STRING_H=1 -DHAVE_INTTYPES_H=1 -DHAVE_STDINT_H=1 -DHAVE_STRINGS_H=1 -DHAVE_SYS_STAT_H=1 -DHAVE_SYS_TYPES_H=1 -DHAVE_UNISTD_H=1 -DSTDC_HEADERS=1 -DSIZEOF_VOID_P=8 -DHAVE_LIBRT=1 -DHAVE_POLL=1 -DHAVE_PTHREAD_PRIO_INHERIT=1 -I.  -I../../include -I../../src -I../../src/crypto/goldilocks/src/include -I../../src/crypto/goldilocks/src/p448 -I../../src/crypto/goldilocks/src/p448/arch_x86_64   -DED25519_CUSTOMHASH -DED25519_CUSTOMRANDOM  -Wall   -g -O2 -pthread -MT ../crypto/newhope/error_correction.o -MD -MP -MF $depbase.Tpo -c -o ../crypto/newhope/error_correction.o ../crypto/newhope/error_correction.c &&\
	mv -f $depbase.Tpo $depbase.Po
depbase=`echo ../crypto/newhope/fips202.o | sed 's|[^/]*$|.deps/&|;s|\.o$||'`;\
	gcc -DPACKAGE_NAME=\"noise-c\" -DPACKAGE_TARNAME=\"noise-c\" -DPACKAGE_VERSION=\"0.0.1\" -DPACKAGE_STRING=\"noise-c\ 0.0.1\" -DPACKAGE_BUGREPORT=\"\" -DPACKAGE_URL=\"\" -DPACKAGE=\"noise-c\" -DVERSION=\"0.0.1\" -DHAVE_STDIO_H=1 -DHAVE_STDLIB_H=1 -DHAVE_STRING_H=1 -DHAVE_INTTYPES_H=1 -DHAVE_STDINT_H=1 -DHAVE_STRINGS_H=1 -DHAVE_SYS_STAT_H=1 -DHAVE_SYS_TYPES_H=1 -DHAVE_UNISTD_H=1 -DSTDC_HEADERS=1 -DSIZEOF_VOID_P=8 -DHAVE_LIBRT=1 -DHAVE_POLL=1 -DHAVE_PTHREAD_PRIO_INHERIT=1 -I.  -I../../include -I../../src -I../../src/crypto/goldilocks/src/include -I../../src/crypto/goldilocks/src/p448 -I../../src/crypto/goldilocks/src/p448/arch_x86_64   -DED25519_CUSTOMHASH -DED25519_CUSTOMRANDOM  -Wall   -g -O2 -pthread -MT ../crypto/newhope/fips202.o -MD -MP -MF $depbase.Tpo -c -o ../crypto/newhope/fips202.o ../crypto/newhope/fips202.c &&\
	mv -f $depbase.Tpo $depbase.Po
depbase=`echo ../crypto/newhope/newhope.o | sed 's|[^/]*$|.deps/&|;s|\.o$||'`;\
	gcc -DPACKAGE_NAME=\"noise-c\" -DPACKAGE_TARNAME=\"noise-c\" -DPACKAGE_VERSION=\"0.0.1\" -DPACKAGE_STRING=\"noise-c\ 0.0.1\" -DPACKAGE_BUGREPORT=\"\" -DPACKAGE_URL=\"\" -DPACKAGE=\"noise-c\" -DVERSION=\"0.0.1\" -DHAVE_STDIO_H=1 -DHAVE_STDLIB_H=1 -DHAVE_STRING_H=1 -DHAVE_INTTYPES_H=1 -DHAVE_STDINT_H=1 -DHAVE_STRINGS_H=1 -DHAVE_SYS_STAT_H=1 -DHAVE_SYS_TYPES_H=1 -DHAVE_UNISTD_H=1 -DSTDC_HEADERS=1 -DSIZEOF_VOID_P=8 -DHAVE_LIBRT=1 -DHAVE_POLL=1 -DHAVE_PTHREAD_PRIO_INHERIT=1 -I.  -I../../include -I../../src -I../../src/crypto/goldilocks/src/include -I../../src/crypto/goldilocks/src/p448 -I../../src/crypto/goldilocks/src/p448/arch_x86_64   -DED25519_CUSTOMHASH -DED25519_CUSTOMRANDOM  -Wall   -g -O2 -pthread -MT ../crypto/newhope/newhope.o -MD -MP -MF $depbase.Tpo -c -o ../crypto/newhope/newhope.o ../crypto/newhope/newhope.c &&\
	mv -f $depbase.Tpo $depbase.Po
depbase=`echo ../crypto/newhope/ntt.o | sed 's|[^/]*$|.deps/&|;s|\.o$||'`;\
	gcc -DPACKAGE_NAME=\"noise-c\" -DPACKAGE_TARNAME=\"noise-c\" -DPACKAGE_VERSION=\"0.0.1\" -DPACKAGE_STRING=\"noise-c\ 0.0.1\" -DPACKAGE_BUGREPORT=\"\" -DPACKAGE_URL=\"\" -DPACKAGE=\"noise-c\" -DVERSION=\"0.0.1\" -DHAVE_STDIO_H=1 -DHAVE_STDLIB_H=1 -DHAVE_STRING_H=1 -DHAVE_INTTYPES_H=1 -DHAVE_STDINT_H=1 -DHAVE_STRINGS_H=1 -DHAVE_SYS_STAT_H=1 -DHAVE_SYS_TYPES_H=1 -DHAVE_UNISTD_H=1 -DSTDC_HEADERS=1 -DSIZEOF_VOID_P=8 -DHAVE_LIBRT=1 -DHAVE_POLL=1 -DHAVE_PTHREAD_PRIO_INHERIT=1 -I.  -I../../include -I../../src -I../../src/crypto/goldilocks/src/include -I../../src/crypto/goldilocks/src/p448 -I../../src/crypto/goldilocks/src/p448/arch_x86_64   -DED25519_CUSTOMHASH -DED25519_CUSTOMRANDOM  -Wall   -g -O2 -pthread -MT ../crypto/newhope/ntt.o -MD -MP -MF $depbase.Tpo -c -o ../crypto/newhope/ntt.o ../crypto/newhope/ntt.c &&\
	mv -f $depbase.Tpo $depbase.Po
depbase=`echo ../crypto/newhope/poly.o | sed 's|[^/]*$|.deps/&|;s|\.o$||'`;\
	gcc -DPACKAGE_NAME=\"noise-c\" -DPACKAGE_TARNAME=\"noise-c\" -DPACKAGE_VERSION=\"0.0.1\" -DPACKAGE_STRING=\"noise-c\ 0.0.1\" -DPACKAGE_BUGREPORT=\"\" -DPACKAGE_URL=\"\" -DPACKAGE=\"noise-c\" -DVERSION=\"0.0.1\" -DHAVE_STDIO_H=1 -DHAVE_STDLIB_H=1 -DHAVE_STRING_H=1 -DHAVE_INTTYPES_H=1 -DHAVE_STDINT_H=1 -DHAVE_STRINGS_H=1 -DHAVE_SYS_STAT_H=1 -DHAVE_SYS_TYPES_H=1 -DHAVE_UNISTD_H=1 -DSTDC_HEADERS=1 -DSIZEOF_VOID_P=8 -DHAVE_LIBRT=1 -DHAVE_POLL=1 -DHAVE_PTHREAD_PRIO_INHERIT=1 -I.  -I../../include -I../../src -I../../src/crypto/goldilocks/src/include -I../../src/crypto/goldilocks/src/p448 -I../../src/crypto/goldilocks/src/p448/arch_x86_64   -DED25519_CUSTOMHASH -DED25519_CUSTOMRANDOM  -Wall   -g -O2 -pthread -MT ../crypto/newhope/poly.o -MD -MP -MF $depbase.Tpo -c -o ../crypto/newhope/poly.o ../crypto/newhope/poly.c &&\
	mv -f $depbase.Tpo $depbase.Po
depbase=`echo ../crypto/newhope/precomp.o | sed 's|[^/]*$|.deps/&|;s|\.o$||'`;\
	gcc -DPACKAGE_NAME=\"noise-c\" -DPACKAGE_TARNAME=\"noise-c\" -DPACKAGE_VERSION=\"0.0.1\" -DPACKAGE_STRING=\"noise-c\ 0.0.1\" -DPACKAGE_BUGREPORT=\"\" -DPACKAGE_URL=\"\" -DPACKAGE=\"noise-c\" -DVERSION=\"0.0.1\" -DHAVE_STDIO_H=1 -DHAVE_STDLIB_H=1 -DHAVE_STRING_H=1 -DHAVE_INTTYPES_H=1 -DHAVE_STDINT_H=1 -DHAVE_STRINGS_H=1 -DHAVE_SYS_STAT_H=1 -DHAVE_SYS_TYPES_H=1 -DHAVE_UNISTD_H=1 -DSTDC_HEADERS=1 -DSIZEOF_VOID_P=8 -DHAVE_LIBRT=1 -DHAVE_POLL=1 -DHAVE_PTHREAD_PRIO_INHERIT=1 -I.  -I../../include -I../../src -I../../src/crypto/goldilocks/src/include -I../../src/crypto/goldilocks/src/p448 -I../../src/crypto/goldilocks/src/p448/arch_x86_64   -DED25519_CUSTOMHASH -DED25519_CUSTOMRANDOM  -Wall   -g -O2 -pthread -MT ../crypto/newhope/precomp.o -MD -MP -MF $depbase.Tpo -c -o ../crypto/newhope/precomp.o ../crypto/newhope/precomp.c &&\
	mv -f $depbase.Tpo $depbase.Po
depbase=`echo ../crypto/newhope/reduce.o | sed 's|[^/]*$|.deps/&|;s|\.o$||'`;\
	gcc -DPACKAGE_NAME=\"noise-c\" -DPACKAGE_TARNAME=\"noise-c\" -DPACKAGE_VERSION=\"0.0.1\" -DPACKAGE_STRING=\"noise-c\ 0.0.1\" -DPACKAGE_BUGREPORT=\"\" -DPACKAGE_URL=\"\" -DPACKAGE=\"noise-c\" -DVERSION=\"0.0.1\" -DHAVE_STDIO_H=1 -DHAVE_STDLIB_H=1 -DHAVE_STRING_H=1 -DHAVE_INTTYPES_H=1 -DHAVE_STDINT_H=1 -DHAVE_STRINGS_H=1 -DHAVE_SYS_STAT_H=1 -DHAVE_SYS_TYPES_H=1 -DHAVE_UNISTD_H=1 -DSTDC_HEADERS=1 -DSIZEOF_VOID_P=8 -DHAVE_LIBRT=1 -DHAVE_POLL=1 -DHAVE_PTHREAD_PRIO_INHERIT=1 -I.  -I../../include -I../../src -I../../src/crypto/goldilocks/src/include -I../../src/crypto/goldilocks/src/p448 -I../../src/crypto/goldilocks/src/p448/arch_x86_64   -DED25519_CUSTOMHASH -DED25519_CUSTOMRANDOM  -Wall   -g -O2 -pthread -MT ../crypto/newhope/reduce.o -MD -MP -MF $depbase.Tpo -c -o ../crypto/newhope/reduce.o ../crypto/newhope/reduce.c &&\
	mv -f $depbase.Tpo $depbase.Po
depbase=`echo ../backend/ref/dh-bike_l1.o | sed 's|[^/]*$|.deps/&|;s|\.o$||'`;\
	gcc -DPACKAGE_NAME=\"noise-c\" -DPACKAGE_TARNAME=\"noise-c\" -DPACKAGE_VERSION=\"0.0.1\" -DPACKAGE_STRING=\"noise-c\ 0.0.1\" -DPACKAGE_BUGREPORT=\"\" -DPACKAGE_URL=\"\" -DPACKAGE=\"noise-c\" -DVERSION=\"0.0.1\" -DHAVE_STDIO_H=1 -DHAVE_STDLIB_H=1 -DHAVE_STRING_H=1 -DHAVE_INTTYPES_H=1 -DHAVE_STDINT_H=1 -DHAVE_STRINGS_H=1 -DHAVE_SYS_STAT_H=1 -DHAVE_SYS_TYPES_H=1 -DHAVE_UNISTD_H=1 -DSTDC_HEADERS=1 -DSIZEOF_VOID_P=8 -DHAVE_LIBRT=1 -DHAVE_POLL=1 -DHAVE_PTHREAD_PRIO_INHERIT=1 -I.  -I../../include -I../../src -I../../src/crypto/goldilocks/src/include -I../../src/crypto/goldilocks/src/p448 -I../../src/crypto/goldilocks/src/p448/arch_x86_64   -DED25519_CUSTOMHASH -DED25519_CUSTOMRANDOM  -Wall   -g -O2 -pthread -MT ../backend/ref/dh-bike_l1.o -MD -MP -MF $depbase.Tpo -c -o ../backend/ref/dh-bike_l1.o ../backend/ref/dh-bike_l1.c &&\
	mv -f $depbase.Tpo $depbase.Po
depbase=`echo ../backend/ref/dh-bike_l3.o | sed 's|[^/]*$|.deps/&|;s|\.o$||'`;\
	gcc -DPACKAGE_NAME=\"noise-c\" -DPACKAGE_TARNAME=\"noise-c\" -DPACKAGE_VERSION=\"0.0.1\" -DPACKAGE_STRING=\"noise-c\ 0.0.1\" -DPACKAGE_BUGREPORT=\"\" -DPACKAGE_URL=\"\" -DPACKAGE=\"noise-c\" -DVERSION=\"0.0.1\" -DHAVE_STDIO_H=1 -DHAVE_STDLIB_H=1 -DHAVE_STRING_H=1 -DHAVE_INTTYPES_H=1 -DHAVE_STDINT_H=1 -DHAVE_STRINGS_H=1 -DHAVE_SYS_STAT_H=1 -DHAVE_SYS_TYPES_H=1 -DHAVE_UNISTD_H=1 -DSTDC_HEADERS=1 -DSIZEOF_VOID_P=8 -DHAVE_LIBRT=1 -DHAVE_POLL=1 -DHAVE_PTHREAD_PRIO_INHERIT=1 -I.  -I../../include -I../../src -I../../src/crypto/goldilocks/src/include -I../../src/crypto/goldilocks/src/p448 -I../../src/crypto/goldilocks/src/p448/arch_x86_64   -DED25519_CUSTOMHASH -DED25519_CUSTOMRANDOM  -Wall   -g -O2 -pthread -MT ../backend/ref/dh-bike_l3.o -MD -MP -MF $depbase.Tpo -c -o ../backend/ref/dh-bike_l3.o ../backend/ref/dh-bike_l3.c &&\
	mv -f $depbase.Tpo $depbase.Po
depbase=`echo ../backend/ref/dh-bike_l5.o | sed 's|[^/]*$|.deps/&|;s|\.o$||'`;\
	gcc -DPACKAGE_NAME=\"noise-c\" -DPACKAGE_TARNAME=\"noise-c\" -DPACKAGE_VERSION=\"0.0.1\" -DPACKAGE_STRING=\"noise-c\ 0.0.1\" -DPACKAGE_BUGREPORT=\"\" -DPACKAGE_URL=\"\" -DPACKAGE=\"noise-c\" -DVERSION=\"0.0.1\" -DHAVE_STDIO_H=1 -DHAVE_STDLIB_H=1 -DHAVE_STRING_H=1 -DHAVE_INTTYPES_H=1 -DHAVE_STDINT_H=1 -DHAVE_STRINGS_H=1 -DHAVE_SYS_STAT_H=1 -DHAVE_SYS_TYPES_H=1 -DHAVE_UNISTD_H=1 -DSTDC_HEADERS=1 -DSIZEOF_VOID_P=8 -DHAVE_LIBRT=1 -DHAVE_POLL=1 -DHAVE_PTHREAD_PRIO_INHERIT=1 -I.  -I../../include -I../../src -I../../src/crypto/goldilocks/src/include -I../../src/crypto/goldilocks/src/p448 -I../../src/crypto/goldilocks/src/p448/arch_x86_64   -DED25519_CUSTOMHASH -DED25519_CUSTOMRANDOM  -Wall   -g -O2 -pthread -MT ../backend/ref/dh-bike_l5.o -MD -MP -MF $depbase.Tpo -c -o ../backend/ref/dh-bike_l5.o ../backend/ref/dh-bike_l5.c &&\
	mv -f $depbase.Tpo $depbase.Po
depbase=`echo ../backend/ref/dh-hqc192.o | sed 's|[^/]*$|.deps/&|;s|\.o$||'`;\
	gcc -DPACKAGE_NAME=\"noise-c\" -DPACKAGE_TARNAME=\"noise-c\" -DPACKAGE_VERSION=\"0.0.1\" -DPACKAGE_STRING=\"noise-c\ 0.0.1\" -DPACKAGE_BUGREPORT=\"\" -DPACKAGE_URL=\"\" -DPACKAGE=\"noise-c\" -DVERSION=\"0.0.1\" -DHAVE_STDIO_H=1 -DHAVE_STDLIB_H=1 -DHAVE_STRING_H=1 -DHAVE_INTTYPES_H=1 -DHAVE_STDINT_H=1 -DHAVE_STRINGS_H=1 -DHAVE_SYS_STAT_H=1 -DHAVE_SYS_TYPES_H=1 -DHAVE_UNISTD_H=1 -DSTDC_HEADERS=1 -DSIZEOF_VOID_P=8 -DHAVE_LIBRT=1 -DHAVE_POLL=1 -DHAVE_PTHREAD_PRIO_INHERIT=1 -I.  -I../../include -I../../src -I../../src/crypto/goldilocks/src/include -I../../src/crypto/goldilocks/src/p448 -I../../src/crypto/goldilocks/src/p448/arch_x86_64   -DED25519_CUSTOMHASH -DED25519_CUSTOMRANDOM  -Wall   -g -O2 -pthread -MT ../backend/ref/dh-hqc192.o -MD -MP -MF $depbase.Tpo -c -o ../backend/ref/dh-hqc192.o ../backend/ref/dh-hqc192.c &&\
	mv -f $depbase.Tpo $depbase.Po
depbase=`echo ../backend/ref/dh-hqc256.o | sed 's|[^/]*$|.deps/&|;s|\.o$||'`;\
	gcc -DPACKAGE_NAME=\"noise-c\" -DPACKAGE_TARNAME=\"noise-c\" -DPACKAGE_VERSION=\"0.0.1\" -DPACKAGE_STRING=\"noise-c\ 0.0.1\" -DPACKAGE_BUGREPORT=\"\" -DPACKAGE_URL=\"\" -DPACKAGE=\"noise-c\" -DVERSION=\"0.0.1\" -DHAVE_STDIO_H=1 -DHAVE_STDLIB_H=1 -DHAVE_STRING_H=1 -DHAVE_INTTYPES_H=1 -DHAVE_STDINT_H=1 -DHAVE_STRINGS_H=1 -DHAVE_SYS_STAT_H=1 -DHAVE_SYS_TYPES_H=1 -DHAVE_UNISTD_H=1 -DSTDC_HEADERS=1 -DSIZEOF_VOID_P=8 -DHAVE_LIBRT=1 -DHAVE_POLL=1 -DHAVE_PTHREAD_PRIO_INHERIT=1 -I.  -I../../include -I../../src -I../../src/crypto/goldilocks/src/include -I../../src/crypto/goldilocks/src/p448 -I../../src/crypto/goldilocks/src/p448/arch_x86_64   -DED25519_CUSTOMHASH -DED25519_CUSTOMRANDOM  -Wall   -g -O2 -pthread -MT ../backend/ref/dh-hqc256.o -MD -MP -MF $depbase.Tpo -c -o ../backend/ref/dh-hqc256.o ../backend/ref/dh-hqc256.c &&\
	mv -f $depbase.Tpo $depbase.Po
depbase=`echo ../backend/ref/cipher-aesgcm.o | sed 's|[^/]*$|.deps/&|;s|\.o$||'`;\
	gcc -DPACKAGE_NAME=\"noise-c\" -DPACKAGE_TARNAME=\"noise-c\" -DPACKAGE_VERSION=\"0.0.1\" -DPACKAGE_STRING=\"noise-c\ 0.0.1\" -DPACKAGE_BUGREPORT=\"\" -DPACKAGE_URL=\"\" -DPACKAGE=\"noise-c\" -DVERSION=\"0.0.1\" -DHAVE_STDIO_H=1 -DHAVE_STDLIB_H=1 -DHAVE_STRING_H=1 -DHAVE_INTTYPES_H=1 -DHAVE_STDINT_H=1 -DHAVE_STRINGS_H=1 -DHAVE_SYS_STAT_H=1 -DHAVE_SYS_TYPES_H=1 -DHAVE_UNISTD_H=1 -DSTDC_HEADERS=1 -DSIZEOF_VOID_P=8 -DHAVE_LIBRT=1 -DHAVE_POLL=1 -DHAVE_PTHREAD_PRIO_INHERIT=1 -I.  -I../../include -I../../src -I../../src/crypto/goldilocks/src/include -I../../src/crypto/goldilocks/src/p448 -I../../src/crypto/goldilocks/src/p448/arch_x86_64   -DED25519_CUSTOMHASH -DED25519_CUSTOMRANDOM  -Wall   -g -O2 -pthread -MT ../backend/ref/cipher-aesgcm.o -MD -MP -MF $depbase.Tpo -c -o ../backend/ref/cipher-aesgcm.o ../backend/ref/cipher-aesgcm.c &&\
	mv -f $depbase.Tpo $depbase.Po
depbase=`echo rand_os.o | sed 's|[^/]*$|.deps/&|;s|\.o$||'`;\
	gcc -DPACKAGE_NAME=\"noise-c\" -DPACKAGE_TARNAME=\"noise-c\" -DPACKAGE_VERSION=\"0.0.1\" -DPACKAGE_STRING=\"noise-c\ 0.0.1\" -DPACKAGE_BUGREPORT=\"\" -DPACKAGE_URL=\"\" -DPACKAGE=\"noise-c\" -DVERSION=\"0.0.1\" -DHAVE_STDIO_H=1 -DHAVE_STDLIB_H=1 -DHAVE_STRING_H=1 -DHAVE_INTTYPES_H=1 -DHAVE_STDINT_H=1 -DHAVE_STRINGS_H=1 -DHAVE_SYS_STAT_H=1 -DHAVE_SYS_TYPES_H=1 -DHAVE_UNISTD_H=1 -DSTDC_HEADERS=1 -DSIZEOF_VOID_P=8 -DHAVE_LIBRT=1 -DHAVE_POLL=1 -DHAVE_PTHREAD_PRIO_INHERIT=1 -I.  -I../../include -I../../src -I../../src/crypto/goldilocks/src/include -I../../src/crypto/goldilocks/src/p448 -I../../src/crypto/goldilocks/src/p448/arch_x86_64   -DED25519_CUSTOMHASH -DED25519_CUSTOMRANDOM  -Wall   -g -O2 -pthread -MT rand_os.o -MD -MP -MF $depbase.Tpo -c -o rand_os.o rand_os.c &&\
	mv -f $depbase.Tpo $depbase.Po
depbase=`echo ../backend/ref/cipher-chachapoly.o | sed 's|[^/]*$|.deps/&|;s|\.o$||'`;\
	gcc -DPACKAGE_NAME=\"noise-c\" -DPACKAGE_TARNAME=\"noise-c\" -DPACKAGE_VERSION=\"0.0.1\" -DPACKAGE_STRING=\"noise-c\ 0.0.1\" -DPACKAGE_BUGREPORT=\"\" -DPACKAGE_URL=\"\" -DPACKAGE=\"noise-c\" -DVERSION=\"0.0.1\" -DHAVE_STDIO_H=1 -DHAVE_STDLIB_H=1 -DHAVE_STRING_H=1 -DHAVE_INTTYPES_H=1 -DHAVE_STDINT_H=1 -DHAVE_STRINGS_H=1 -DHAVE_SYS_STAT_H=1 -DHAVE_SYS_TYPES_H=1 -DHAVE_UNISTD_H=1 -DSTDC_HEADERS=1 -DSIZEOF_VOID_P=8 -DHAVE_LIBRT=1 -DHAVE_POLL=1 -DHAVE_PTHREAD_PRIO_INHERIT=1 -I.  -I../../include -I../../src -I../../src/crypto/goldilocks/src/include -I../../src/crypto/goldilocks/src/p448 -I../../src/crypto/goldilocks/src/p448/arch_x86_64   -DED25519_CUSTOMHASH -DED25519_CUSTOMRANDOM  -Wall   -g -O2 -pthread -MT ../backend/ref/cipher-chachapoly.o -MD -MP -MF $depbase.Tpo -c -o ../backend/ref/cipher-chachapoly.o ../backend/ref/cipher-chachapoly.c &&\
	mv -f $depbase.Tpo $depbase.Po
depbase=`echo ../backend/ref/dh-curve25519.o | sed 's|[^/]*$|.deps/&|;s|\.o$||'`;\
	gcc -DPACKAGE_NAME=\"noise-c\" -DPACKAGE_TARNAME=\"noise-c\" -DPACKAGE_VERSION=\"0.0.1\" -DPACKAGE_STRING=\"noise-c\ 0.0.1\" -DPACKAGE_BUGREPORT=\"\" -DPACKAGE_URL=\"\" -DPACKAGE=\"noise-c\" -DVERSION=\"0.0.1\" -DHAVE_STDIO_H=1 -DHAVE_STDLIB_H=1 -DHAVE_STRING_H=1 -DHAVE_INTTYPES_H=1 -DHAVE_STDINT_H=1 -DHAVE_STRINGS_H=1 -DHAVE_SYS_STAT_H=1 -DHAVE_SYS_TYPES_H=1 -DHAVE_UNISTD_H=1 -DSTDC_HEADERS=1 -DSIZEOF_VOID_P=8 -DHAVE_LIBRT=1 -DHAVE_POLL=1 -DHAVE_PTHREAD_PRIO_INHERIT=1 -I.  -I../../include -I../../src -I../../src/crypto/goldilocks/src/include -I../../src/crypto/goldilocks/src/p448 -I../../src/crypto/goldilocks/src/p448/arch_x86_64   -DED25519_CUSTOMHASH -DED25519_CUSTOMRANDOM  -Wall   -g -O2 -pthread -MT ../backend/ref/dh-curve25519.o -MD -MP -MF $depbase.Tpo -c -o ../backend/ref/dh-curve25519.o ../backend/ref/dh-curve25519.c &&\
	mv -f $depbase.Tpo $depbase.Po
depbase=`echo ../backend/ref/hash-blake2b.o | sed 's|[^/]*$|.deps/&|;s|\.o$||'`;\
	gcc -DPACKAGE_NAME=\"noise-c\" -DPACKAGE_TARNAME=\"noise-c\" -DPACKAGE_VERSION=\"0.0.1\" -DPACKAGE_STRING=\"noise-c\ 0.0.1\" -DPACKAGE_BUGREPORT=\"\" -DPACKAGE_URL=\"\" -DPACKAGE=\"noise-c\" -DVERSION=\"0.0.1\" -DHAVE_STDIO_H=1 -DHAVE_STDLIB_H=1 -DHAVE_STRING_H=1 -DHAVE_INTTYPES_H=1 -DHAVE_STDINT_H=1 -DHAVE_STRINGS_H=1 -DHAVE_SYS_STAT_H=1 -DHAVE_SYS_TYPES_H=1 -DHAVE_UNISTD_H=1 -DSTDC_HEADERS=1 -DSIZEOF_VOID_P=8 -DHAVE_LIBRT=1 -DHAVE_POLL=1 -DHAVE_PTHREAD_PRIO_INHERIT=1 -I.  -I../../include -I../../src -I../../src/crypto/goldilocks/src/include -I../../src/crypto/goldilocks/src/p448 -I../../src/crypto/goldilocks/src/p448/arch_x86_64   -DED25519_CUSTOMHASH -DED25519_CUSTOMRANDOM  -Wall   -g -O2 -pthread -MT ../backend/ref/hash-blake2b.o -MD -MP -MF $depbase.Tpo -c -o ../backend/ref/hash-blake2b.o ../backend/ref/hash-blake2b.c &&\
	mv -f $depbase.Tpo $depbase.Po
depbase=`echo ../backend/ref/hash-sha256.o | sed 's|[^/]*$|.deps/&|;s|\.o$||'`;\
	gcc -DPACKAGE_NAME=\"noise-c\" -DPACKAGE_TARNAME=\"noise-c\" -DPACKAGE_VERSION=\"0.0.1\" -DPACKAGE_STRING=\"noise-c\ 0.0.1\" -DPACKAGE_BUGREPORT=\"\" -DPACKAGE_URL=\"\" -DPACKAGE=\"noise-c\" -DVERSION=\"0.0.1\" -DHAVE_STDIO_H=1 -DHAVE_STDLIB_H=1 -DHAVE_STRING_H=1 -DHAVE_INTTYPES_H=1 -DHAVE_STDINT_H=1 -DHAVE_STRINGS_H=1 -DHAVE_SYS_STAT_H=1 -DHAVE_SYS_TYPES_H=1 -DHAVE_UNISTD_H=1 -DSTDC_HEADERS=1 -DSIZEOF_VOID_P=8 -DHAVE_LIBRT=1 -DHAVE_POLL=1 -DHAVE_PTHREAD_PRIO_INHERIT=1 -I.  -I../../include -I../../src -I../../src/crypto/goldilocks/src/include -I../../src/crypto/goldilocks/src/p448 -I../../src/crypto/goldilocks/src/p448/arch_x86_64   -DED25519_CUSTOMHASH -DED25519_CUSTOMRANDOM  -Wall   -g -O2 -pthread -MT ../backend/ref/hash-sha256.o -MD -MP -MF $depbase.Tpo -c -o ../backend/ref/hash-sha256.o ../backend/ref/hash-sha256.c &&\
	mv -f $depbase.Tpo $depbase.Po
depbase=`echo ../backend/ref/hash-sha512.o | sed 's|[^/]*$|.deps/&|;s|\.o$||'`;\
	gcc -DPACKAGE_NAME=\"noise-c\" -DPACKAGE_TARNAME=\"noise-c\" -DPACKAGE_VERSION=\"0.0.1\" -DPACKAGE_STRING=\"noise-c\ 0.0.1\" -DPACKAGE_BUGREPORT=\"\" -DPACKAGE_URL=\"\" -DPACKAGE=\"noise-c\" -DVERSION=\"0.0.1\" -DHAVE_STDIO_H=1 -DHAVE_STDLIB_H=1 -DHAVE_STRING_H=1 -DHAVE_INTTYPES_H=1 -DHAVE_STDINT_H=1 -DHAVE_STRINGS_H=1 -DHAVE_SYS_STAT_H=1 -DHAVE_SYS_TYPES_H=1 -DHAVE_UNISTD_H=1 -DSTDC_HEADERS=1 -DSIZEOF_VOID_P=8 -DHAVE_LIBRT=1 -DHAVE_POLL=1 -DHAVE_PTHREAD_PRIO_INHERIT=1 -I.  -I../../include -I../../src -I../../src/crypto/goldilocks/src/include -I../../src/crypto/goldilocks/src/p448 -I../../src/crypto/goldilocks/src/p448/arch_x86_64   -DED25519_CUSTOMHASH -DED25519_CUSTOMRANDOM  -Wall   -g -O2 -pthread -MT ../backend/ref/hash-sha512.o -MD -MP -MF $depbase.Tpo -c -o ../backend/ref/hash-sha512.o ../backend/ref/hash-sha512.c &&\
	mv -f $depbase.Tpo $depbase.Po
depbase=`echo ../backend/ref/sign-ed25519.o | sed 's|[^/]*$|.deps/&|;s|\.o$||'`;\
	gcc -DPACKAGE_NAME=\"noise-c\" -DPACKAGE_TARNAME=\"noise-c\" -DPACKAGE_VERSION=\"0.0.1\" -DPACKAGE_STRING=\"noise-c\ 0.0.1\" -DPACKAGE_BUGREPORT=\"\" -DPACKAGE_URL=\"\" -DPACKAGE=\"noise-c\" -DVERSION=\"0.0.1\" -DHAVE_STDIO_H=1 -DHAVE_STDLIB_H=1 -DHAVE_STRING_H=1 -DHAVE_INTTYPES_H=1 -DHAVE_STDINT_H=1 -DHAVE_STRINGS_H=1 -DHAVE_SYS_STAT_H=1 -DHAVE_SYS_TYPES_H=1 -DHAVE_UNISTD_H=1 -DSTDC_HEADERS=1 -DSIZEOF_VOID_P=8 -DHAVE_LIBRT=1 -DHAVE_POLL=1 -DHAVE_PTHREAD_PRIO_INHERIT=1 -I.  -I../../include -I../../src -I../../src/crypto/goldilocks/src/include -I../../src/crypto/goldilocks/src/p448 -I../../src/crypto/goldilocks/src/p448/arch_x86_64   -DED25519_CUSTOMHASH -DED25519_CUSTOMRANDOM  -Wall   -g -O2 -pthread -MT ../backend/ref/sign-ed25519.o -MD -MP -MF $depbase.Tpo -c -o ../backend/ref/sign-ed25519.o ../backend/ref/sign-ed25519.c &&\
	mv -f $depbase.Tpo $depbase.Po
depbase=`echo ../crypto/aes/rijndael-alg-fst.o | sed 's|[^/]*$|.deps/&|;s|\.o$||'`;\
	gcc -DPACKAGE_NAME=\"noise-c\" -DPACKAGE_TARNAME=\"noise-c\" -DPACKAGE_VERSION=\"0.0.1\" -DPACKAGE_STRING=\"noise-c\ 0.0.1\" -DPACKAGE_BUGREPORT=\"\" -DPACKAGE_URL=\"\" -DPACKAGE=\"noise-c\" -DVERSION=\"0.0.1\" -DHAVE_STDIO_H=1 -DHAVE_STDLIB_H=1 -DHAVE_STRING_H=1 -DHAVE_INTTYPES_H=1 -DHAVE_STDINT_H=1 -DHAVE_STRINGS_H=1 -DHAVE_SYS_STAT_H=1 -DHAVE_SYS_TYPES_H=1 -DHAVE_UNISTD_H=1 -DSTDC_HEADERS=1 -DSIZEOF_VOID_P=8 -DHAVE_LIBRT=1 -DHAVE_POLL=1 -DHAVE_PTHREAD_PRIO_INHERIT=1 -I.  -I../../include -I../../src -I../../src/crypto/goldilocks/src/include -I../../src/crypto/goldilocks/src/p448 -I../../src/crypto/goldilocks/src/p448/arch_x86_64   -DED25519_CUSTOMHASH -DED25519_CUSTOMRANDOM  -Wall   -g -O2 -pthread -MT ../crypto/aes/rijndael-alg-fst.o -MD -MP -MF $depbase.Tpo -c -o ../crypto/aes/rijndael-alg-fst.o ../crypto/aes/rijndael-alg-fst.c &&\
	mv -f $depbase.Tpo $depbase.Po
depbase=`echo ../crypto/blake2/blake2b.o | sed 's|[^/]*$|.deps/&|;s|\.o$||'`;\
	gcc -DPACKAGE_NAME=\"noise-c\" -DPACKAGE_TARNAME=\"noise-c\" -DPACKAGE_VERSION=\"0.0.1\" -DPACKAGE_STRING=\"noise-c\ 0.0.1\" -DPACKAGE_BUGREPORT=\"\" -DPACKAGE_URL=\"\" -DPACKAGE=\"noise-c\" -DVERSION=\"0.0.1\" -DHAVE_STDIO_H=1 -DHAVE_STDLIB_H=1 -DHAVE_STRING_H=1 -DHAVE_INTTYPES_H=1 -DHAVE_STDINT_H=1 -DHAVE_STRINGS_H=1 -DHAVE_SYS_STAT_H=1 -DHAVE_SYS_TYPES_H=1 -DHAVE_UNISTD_H=1 -DSTDC_HEADERS=1 -DSIZEOF_VOID_P=8 -DHAVE_LIBRT=1 -DHAVE_POLL=1 -DHAVE_PTHREAD_PRIO_INHERIT=1 -I.  -I../../include -I../../src -I../../src/crypto/goldilocks/src/include -I../../src/crypto/goldilocks/src/p448 -I../../src/crypto/goldilocks/src/p448/arch_x86_64   -DED25519_CUSTOMHASH -DED25519_CUSTOMRANDOM  -Wall   -g -O2 -pthread -MT ../crypto/blake2/blake2b.o -MD -MP -MF $depbase.Tpo -c -o ../crypto/blake2/blake2b.o ../crypto/blake2/blake2b.c &&\
	mv -f $depbase.Tpo $depbase.Po
depbase=`echo ../crypto/chacha/chacha.o | sed 's|[^/]*$|.deps/&|;s|\.o$||'`;\
	gcc -DPACKAGE_NAME=\"noise-c\" -DPACKAGE_TARNAME=\"noise-c\" -DPACKAGE_VERSION=\"0.0.1\" -DPACKAGE_STRING=\"noise-c\ 0.0.1\" -DPACKAGE_BUGREPORT=\"\" -DPACKAGE_URL=\"\" -DPACKAGE=\"noise-c\" -DVERSION=\"0.0.1\" -DHAVE_STDIO_H=1 -DHAVE_STDLIB_H=1 -DHAVE_STRING_H=1 -DHAVE_INTTYPES_H=1 -DHAVE_STDINT_H=1 -DHAVE_STRINGS_H=1 -DHAVE_SYS_STAT_H=1 -DHAVE_SYS_TYPES_H=1 -DHAVE_UNISTD_H=1 -DSTDC_HEADERS=1 -DSIZEOF_VOID_P=8 -DHAVE_LIBRT=1 -DHAVE_POLL=1 -DHAVE_PTHREAD_PRIO_INHERIT=1 -I.  -I../../include -I../../src -I../../src/crypto/goldilocks/src/include -I../../src/crypto/goldilocks/src/p448 -I../../src/crypto/goldilocks/src/p448/arch_x86_64   -DED25519_CUSTOMHASH -DED25519_CUSTOMRANDOM  -Wall   -g -O2 -pthread -MT ../crypto/chacha/chacha.o -MD -MP -MF $depbase.Tpo -c -o ../crypto/chacha/chacha.o ../crypto/chacha/chacha.c &&\
	mv -f $depbase.Tpo $depbase.Po
depbase=`echo ../crypto/donna/poly1305-donna.o | sed 's|[^/]*$|.deps/&|;s|\.o$||'`;\
	gcc -DPACKAGE_NAME=\"noise-c\" -DPACKAGE_TARNAME=\"noise-c\" -DPACKAGE_VERSION=\"0.0.1\" -DPACKAGE_STRING=\"noise-c\ 0.0.1\" -DPACKAGE_BUGREPORT=\"\" -DPACKAGE_URL=\"\" -DPACKAGE=\"noise-c\" -DVERSION=\"0.0.1\" -DHAVE_STDIO_H=1 -DHAVE_STDLIB_H=1 -DHAVE_STRING_H=1 -DHAVE_INTTYPES_H=1 -DHAVE_STDINT_H=1 -DHAVE_STRINGS_H=1 -DHAVE_SYS_STAT_H=1 -DHAVE_SYS_TYPES_H=1 -DHAVE_UNISTD_H=1 -DSTDC_HEADERS=1 -DSIZEOF_VOID_P=8 -DHAVE_LIBRT=1 -DHAVE_POLL=1 -DHAVE_PTHREAD_PRIO_INHERIT=1 -I.  -I../../include -I../../src -I../../src/crypto/goldilocks/src/include -I../../src/crypto/goldilocks/src/p448 -I../../src/crypto/goldilocks/src/p448/arch_x86_64   -DED25519_CUSTOMHASH -DED25519_CUSTOMRANDOM  -Wall   -g -O2 -pthread -MT ../crypto/donna/poly1305-donna.o -MD -MP -MF $depbase.Tpo -c -o ../crypto/donna/poly1305-donna.o ../crypto/donna/poly1305-donna.c &&\
	mv -f $depbase.Tpo $depbase.Po
depbase=`echo ../crypto/ghash/ghash.o | sed 's|[^/]*$|.deps/&|;s|\.o$||'`;\
	gcc -DPACKAGE_NAME=\"noise-c\" -DPACKAGE_TARNAME=\"noise-c\" -DPACKAGE_VERSION=\"0.0.1\" -DPACKAGE_STRING=\"noise-c\ 0.0.1\" -DPACKAGE_BUGREPORT=\"\" -DPACKAGE_URL=\"\" -DPACKAGE=\"noise-c\" -DVERSION=\"0.0.1\" -DHAVE_STDIO_H=1 -DHAVE_STDLIB_H=1 -DHAVE_STRING_H=1 -DHAVE_INTTYPES_H=1 -DHAVE_STDINT_H=1 -DHAVE_STRINGS_H=1 -DHAVE_SYS_STAT_H=1 -DHAVE_SYS_TYPES_H=1 -DHAVE_UNISTD_H=1 -DSTDC_HEADERS=1 -DSIZEOF_VOID_P=8 -DHAVE_LIBRT=1 -DHAVE_POLL=1 -DHAVE_PTHREAD_PRIO_INHERIT=1 -I.  -I../../include -I../../src -I../../src/crypto/goldilocks/src/include -I../../src/crypto/goldilocks/src/p448 -I../../src/crypto/goldilocks/src/p448/arch_x86_64   -DED25519_CUSTOMHASH -DED25519_CUSTOMRANDOM  -Wall   -g -O2 -pthread -MT ../crypto/ghash/ghash.o -MD -MP -MF $depbase.Tpo -c -o ../crypto/ghash/ghash.o ../crypto/ghash/ghash.c &&\
	mv -f $depbase.Tpo $depbase.Po
depbase=`echo ../crypto/newhope/crypto_stream_chacha20.o | sed 's|[^/]*$|.deps/&|;s|\.o$||'`;\
	gcc -DPACKAGE_NAME=\"noise-c\" -DPACKAGE_TARNAME=\"noise-c\" -DPACKAGE_VERSION=\"0.0.1\" -DPACKAGE_STRING=\"noise-c\ 0.0.1\" -DPACKAGE_BUGREPORT=\"\" -DPACKAGE_URL=\"\" -DPACKAGE=\"noise-c\" -DVERSION=\"0.0.1\" -DHAVE_STDIO_H=1 -DHAVE_STDLIB_H=1 -DHAVE_STRING_H=1 -DHAVE_INTTYPES_H=1 -DHAVE_STDINT_H=1 -DHAVE_STRINGS_H=1 -DHAVE_SYS_STAT_H=1 -DHAVE_SYS_TYPES_H=1 -DHAVE_UNISTD_H=1 -DSTDC_HEADERS=1 -DSIZEOF_VOID_P=8 -DHAVE_LIBRT=1 -DHAVE_POLL=1 -DHAVE_PTHREAD_PRIO_INHERIT=1 -I.  -I../../include -I../../src -I../../src/crypto/goldilocks/src/include -I../../src/crypto/goldilocks/src/p448 -I../../src/crypto/goldilocks/src/p448/arch_x86_64   -DED25519_CUSTOMHASH -DED25519_CUSTOMRANDOM  -Wall   -g -O2 -pthread -MT ../crypto/newhope/crypto_stream_chacha20.o -MD -MP -MF $depbase.Tpo -c -o ../crypto/newhope/crypto_stream_chacha20.o ../crypto/newhope/crypto_stream_chacha20.c &&\
	mv -f $depbase.Tpo $depbase.Po
depbase=`echo ../crypto/sha2/sha256.o | sed 's|[^/]*$|.deps/&|;s|\.o$||'`;\
	gcc -DPACKAGE_NAME=\"noise-c\" -DPACKAGE_TARNAME=\"noise-c\" -DPACKAGE_VERSION=\"0.0.1\" -DPACKAGE_STRING=\"noise-c\ 0.0.1\" -DPACKAGE_BUGREPORT=\"\" -DPACKAGE_URL=\"\" -DPACKAGE=\"noise-c\" -DVERSION=\"0.0.1\" -DHAVE_STDIO_H=1 -DHAVE_STDLIB_H=1 -DHAVE_STRING_H=1 -DHAVE_INTTYPES_H=1 -DHAVE_STDINT_H=1 -DHAVE_STRINGS_H=1 -DHAVE_SYS_STAT_H=1 -DHAVE_SYS_TYPES_H=1 -DHAVE_UNISTD_H=1 -DSTDC_HEADERS=1 -DSIZEOF_VOID_P=8 -DHAVE_LIBRT=1 -DHAVE_POLL=1 -DHAVE_PTHREAD_PRIO_INHERIT=1 -I.  -I../../include -I../../src -I../../src/crypto/goldilocks/src/include -I../../src/crypto/goldilocks/src/p448 -I../../src/crypto/goldilocks/src/p448/arch_x86_64   -DED25519_CUSTOMHASH -DED25519_CUSTOMRANDOM  -Wall   -g -O2 -pthread -MT ../crypto/sha2/sha256.o -MD -MP -MF $depbase.Tpo -c -o ../crypto/sha2/sha256.o ../crypto/sha2/sha256.c &&\
	mv -f $depbase.Tpo $depbase.Po
depbase=`echo ../crypto/sha2/sha512.o | sed 's|[^/]*$|.deps/&|;s|\.o$||'`;\
	gcc -DPACKAGE_NAME=\"noise-c\" -DPACKAGE_TARNAME=\"noise-c\" -DPACKAGE_VERSION=\"0.0.1\" -DPACKAGE_STRING=\"noise-c\ 0.0.1\" -DPACKAGE_BUGREPORT=\"\" -DPACKAGE_URL=\"\" -DPACKAGE=\"noise-c\" -DVERSION=\"0.0.1\" -DHAVE_STDIO_H=1 -DHAVE_STDLIB_H=1 -DHAVE_STRING_H=1 -DHAVE_INTTYPES_H=1 -DHAVE_STDINT_H=1 -DHAVE_STRINGS_H=1 -DHAVE_SYS_STAT_H=1 -DHAVE_SYS_TYPES_H=1 -DHAVE_UNISTD_H=1 -DSTDC_HEADERS=1 -DSIZEOF_VOID_P=8 -DHAVE_LIBRT=1 -DHAVE_POLL=1 -DHAVE_PTHREAD_PRIO_INHERIT=1 -I.  -I../../include -I../../src -I../../src/crypto/goldilocks/src/include -I../../src/crypto/goldilocks/src/p448 -I../../src/crypto/goldilocks/src/p448/arch_x86_64   -DED25519_CUSTOMHASH -DED25519_CUSTOMRANDOM  -Wall   -g -O2 -pthread -MT ../crypto/sha2/sha512.o -MD -MP -MF $depbase.Tpo -c -o ../crypto/sha2/sha512.o ../crypto/sha2/sha512.c &&\
	mv -f $depbase.Tpo $depbase.Po
depbase=`echo ../crypto/ed25519/ed25519.o | sed 's|[^/]*$|.deps/&|;s|\.o$||'`;\
	gcc -DPACKAGE_NAME=\"noise-c\" -DPACKAGE_TARNAME=\"noise-c\" -DPACKAGE_VERSION=\"0.0.1\" -DPACKAGE_STRING=\"noise-c\ 0.0.1\" -DPACKAGE_BUGREPORT=\"\" -DPACKAGE_URL=\"\" -DPACKAGE=\"noise-c\" -DVERSION=\"0.0.1\" -DHAVE_STDIO_H=1 -DHAVE_STDLIB_H=1 -DHAVE_STRING_H=1 -DHAVE_INTTYPES_H=1 -DHAVE_STDINT_H=1 -DHAVE_STRINGS_H=1 -DHAVE_SYS_STAT_H=1 -DHAVE_SYS_TYPES_H=1 -DHAVE_UNISTD_H=1 -DSTDC_HEADERS=1 -DSIZEOF_VOID_P=8 -DHAVE_LIBRT=1 -DHAVE_POLL=1 -DHAVE_PTHREAD_PRIO_INHERIT=1 -I.  -I../../include -I../../src -I../../src/crypto/goldilocks/src/include -I../../src/crypto/goldilocks/src/p448 -I../../src/crypto/goldilocks/src/p448/arch_x86_64   -DED25519_CUSTOMHASH -DED25519_CUSTOMRANDOM  -Wall   -g -O2 -pthread -MT ../crypto/ed25519/ed25519.o -MD -MP -MF $depbase.Tpo -c -o ../crypto/ed25519/ed25519.o ../crypto/ed25519/ed25519.c &&\
	mv -f $depbase.Tpo $depbase.Po
../crypto/donna/poly1305-donna.c:18:6: warning: macro expansion producing 'defined' has undefined behavior [-Wexpansion-to-defined]
#if (HAS_SIZEOF_INT128_64BIT || HAS_MSVC_64BIT || HAS_GCC_4_4_64BIT)
     ^
../crypto/donna/poly1305-donna.c:14:34: note: expanded from macro 'HAS_SIZEOF_INT128_64BIT'
#define HAS_SIZEOF_INT128_64BIT (defined(__SIZEOF_INT128__) && defined(__LP64__))
                                 ^
../crypto/donna/poly1305-donna.c:18:6: warning: macro expansion producing 'defined' has undefined behavior [-Wexpansion-to-defined]
../crypto/donna/poly1305-donna.c:14:64: note: expanded from macro 'HAS_SIZEOF_INT128_64BIT'
#define HAS_SIZEOF_INT128_64BIT (defined(__SIZEOF_INT128__) && defined(__LP64__))
                                                               ^
../crypto/donna/poly1305-donna.c:18:33: warning: macro expansion producing 'defined' has undefined behavior [-Wexpansion-to-defined]
#if (HAS_SIZEOF_INT128_64BIT || HAS_MSVC_64BIT || HAS_GCC_4_4_64BIT)
                                ^
../crypto/donna/poly1305-donna.c:15:25: note: expanded from macro 'HAS_MSVC_64BIT'
#define HAS_MSVC_64BIT (defined(_MSC_VER) && defined(_M_X64))
                        ^
../crypto/donna/poly1305-donna.c:18:33: warning: macro expansion producing 'defined' has undefined behavior [-Wexpansion-to-defined]
../crypto/donna/poly1305-donna.c:15:46: note: expanded from macro 'HAS_MSVC_64BIT'
#define HAS_MSVC_64BIT (defined(_MSC_VER) && defined(_M_X64))
                                             ^
../crypto/donna/poly1305-donna.c:18:51: warning: macro expansion producing 'defined' has undefined behavior [-Wexpansion-to-defined]
#if (HAS_SIZEOF_INT128_64BIT || HAS_MSVC_64BIT || HAS_GCC_4_4_64BIT)
                                                  ^
../crypto/donna/poly1305-donna.c:16:28: note: expanded from macro 'HAS_GCC_4_4_64BIT'
#define HAS_GCC_4_4_64BIT (defined(__GNUC__) && defined(__LP64__) && ((__GNUC__ > 4) || ((__GNUC__ == 4) && (__GNUC_MINOR__ >= 4))))
                           ^
../crypto/donna/poly1305-donna.c:18:51: warning: macro expansion producing 'defined' has undefined behavior [-Wexpansion-to-defined]
../crypto/donna/poly1305-donna.c:16:49: note: expanded from macro 'HAS_GCC_4_4_64BIT'
#define HAS_GCC_4_4_64BIT (defined(__GNUC__) && defined(__LP64__) && ((__GNUC__ > 4) || ((__GNUC__ == 4) && (__GNUC_MINOR__ >= 4))))
                                                ^
6 warnings generated.
../crypto/goldilocks/src/p448/arch_x86_64/p448.c:24:27: warning: expression does not compute the number of elements in this array; element type is 'uint64_t' (aka 'unsigned long long'), not 'uint64xn_t' (aka 'uint64x2_t') [-Wsizeof-array-div]
    for (i=0; i<sizeof(aa)/sizeof(uint64xn_t); i++) {
                       ~~ ^
../crypto/goldilocks/src/p448/arch_x86_64/p448.c:20:14: note: array 'aa' declared here
    uint64_t aa[4] __attribute__((aligned(32))), bb[4] __attribute__((aligned(32))), bbb[4] __attribute__((aligned(32)));
             ^
../crypto/goldilocks/src/p448/arch_x86_64/p448.c:24:27: note: place parentheses around the 'sizeof(uint64xn_t)' expression to silence this warning
    for (i=0; i<sizeof(aa)/sizeof(uint64xn_t); i++) {
                          ^
../crypto/goldilocks/src/p448/arch_x86_64/p448.c:208:27: warning: expression does not compute the number of elements in this array; element type is 'uint64_t' (aka 'unsigned long long'), not 'uint64xn_t' (aka 'uint64x2_t') [-Wsizeof-array-div]
    for (i=0; i<sizeof(aa)/sizeof(uint64xn_t); i++) {
                       ~~ ^
../crypto/goldilocks/src/p448/arch_x86_64/p448.c:204:14: note: array 'aa' declared here
    uint64_t aa[4] __attribute__((aligned(32)));
             ^
../crypto/goldilocks/src/p448/arch_x86_64/p448.c:208:27: note: place parentheses around the 'sizeof(uint64xn_t)' expression to silence this warning
    for (i=0; i<sizeof(aa)/sizeof(uint64xn_t); i++) {
                          ^
2 warnings generated.
rm -f libnoiseprotocol.a
ar cru libnoiseprotocol.a cipherstate.o dhstate.o errors.o handshakestate.o hashstate.o internal.o names.o patterns.o randstate.o signstate.o symmetricstate.o util.o ../backend/ref/dh-curve448.o ../backend/ref/dh-newhope.o ../backend/ref/dh-kyber.o ../backend/ref/hash-blake2s.o ../backend/ref/dh-hqc.o ../crypto/blake2/blake2s.o ../crypto/curve448/curve448.o ../crypto/goldilocks/src/p448/arch_x86_64/p448.o ../crypto/newhope/batcher.o ../crypto/newhope/error_correction.o ../crypto/newhope/fips202.o ../crypto/newhope/newhope.o ../crypto/newhope/ntt.o ../crypto/newhope/poly.o ../crypto/newhope/precomp.o ../crypto/newhope/reduce.o ../backend/ref/dh-bike_l1.o ../backend/ref/dh-bike_l3.o ../backend/ref/dh-bike_l5.o ../backend/ref/dh-hqc192.o ../backend/ref/dh-hqc256.o   ../backend/ref/cipher-aesgcm.o  rand_os.o ../backend/ref/cipher-aesgcm.o ../backend/ref/cipher-chachapoly.o ../backend/ref/dh-curve25519.o ../backend/ref/hash-blake2b.o ../backend/ref/hash-sha256.o ../backend/ref/hash-sha512.o ../backend/ref/sign-ed25519.o ../crypto/aes/rijndael-alg-fst.o ../crypto/blake2/blake2b.o ../crypto/chacha/chacha.o ../crypto/donna/poly1305-donna.o ../crypto/ghash/ghash.o ../crypto/newhope/crypto_stream_chacha20.o ../crypto/sha2/sha256.o ../crypto/sha2/sha512.o ../crypto/ed25519/ed25519.o 
ranlib libnoiseprotocol.a
Making all in protobufs
gcc -DPACKAGE_NAME=\"noise-c\" -DPACKAGE_TARNAME=\"noise-c\" -DPACKAGE_VERSION=\"0.0.1\" -DPACKAGE_STRING=\"noise-c\ 0.0.1\" -DPACKAGE_BUGREPORT=\"\" -DPACKAGE_URL=\"\" -DPACKAGE=\"noise-c\" -DVERSION=\"0.0.1\" -DHAVE_STDIO_H=1 -DHAVE_STDLIB_H=1 -DHAVE_STRING_H=1 -DHAVE_INTTYPES_H=1 -DHAVE_STDINT_H=1 -DHAVE_STRINGS_H=1 -DHAVE_SYS_STAT_H=1 -DHAVE_SYS_TYPES_H=1 -DHAVE_UNISTD_H=1 -DSTDC_HEADERS=1 -DSIZEOF_VOID_P=8 -DHAVE_LIBRT=1 -DHAVE_POLL=1 -DHAVE_PTHREAD_PRIO_INHERIT=1 -I.  -I../../include  -Wall -g -O2 -pthread -MT protobufs.o -MD -MP -MF .deps/protobufs.Tpo -c -o protobufs.o protobufs.c
mv -f .deps/protobufs.Tpo .deps/protobufs.Po
rm -f libnoiseprotobufs.a
ar cru libnoiseprotobufs.a protobufs.o 
ranlib libnoiseprotobufs.a
Making all in keys
gcc -DPACKAGE_NAME=\"noise-c\" -DPACKAGE_TARNAME=\"noise-c\" -DPACKAGE_VERSION=\"0.0.1\" -DPACKAGE_STRING=\"noise-c\ 0.0.1\" -DPACKAGE_BUGREPORT=\"\" -DPACKAGE_URL=\"\" -DPACKAGE=\"noise-c\" -DVERSION=\"0.0.1\" -DHAVE_STDIO_H=1 -DHAVE_STDLIB_H=1 -DHAVE_STRING_H=1 -DHAVE_INTTYPES_H=1 -DHAVE_STDINT_H=1 -DHAVE_STRINGS_H=1 -DHAVE_SYS_STAT_H=1 -DHAVE_SYS_TYPES_H=1 -DHAVE_UNISTD_H=1 -DSTDC_HEADERS=1 -DSIZEOF_VOID_P=8 -DHAVE_LIBRT=1 -DHAVE_POLL=1 -DHAVE_PTHREAD_PRIO_INHERIT=1 -I.  -I../../include -I../../include/noise/keys  -Wall -g -O2 -pthread -MT certificate.o -MD -MP -MF .deps/certificate.Tpo -c -o certificate.o certificate.c
gcc -DPACKAGE_NAME=\"noise-c\" -DPACKAGE_TARNAME=\"noise-c\" -DPACKAGE_VERSION=\"0.0.1\" -DPACKAGE_STRING=\"noise-c\ 0.0.1\" -DPACKAGE_BUGREPORT=\"\" -DPACKAGE_URL=\"\" -DPACKAGE=\"noise-c\" -DVERSION=\"0.0.1\" -DHAVE_STDIO_H=1 -DHAVE_STDLIB_H=1 -DHAVE_STRING_H=1 -DHAVE_INTTYPES_H=1 -DHAVE_STDINT_H=1 -DHAVE_STRINGS_H=1 -DHAVE_SYS_STAT_H=1 -DHAVE_SYS_TYPES_H=1 -DHAVE_UNISTD_H=1 -DSTDC_HEADERS=1 -DSIZEOF_VOID_P=8 -DHAVE_LIBRT=1 -DHAVE_POLL=1 -DHAVE_PTHREAD_PRIO_INHERIT=1 -I.  -I../../include -I../../include/noise/keys  -Wall -g -O2 -pthread -MT loader.o -MD -MP -MF .deps/loader.Tpo -c -o loader.o loader.c
mv -f .deps/loader.Tpo .deps/loader.Po
mv -f .deps/certificate.Tpo .deps/certificate.Po
rm -f libnoisekeys.a
ar cru libnoisekeys.a certificate.o loader.o 
ranlib libnoisekeys.a
make[2]: Nothing to be done for `all-am'.
Making all in tools
Making all in keytool
gcc -DPACKAGE_NAME=\"noise-c\" -DPACKAGE_TARNAME=\"noise-c\" -DPACKAGE_VERSION=\"0.0.1\" -DPACKAGE_STRING=\"noise-c\ 0.0.1\" -DPACKAGE_BUGREPORT=\"\" -DPACKAGE_URL=\"\" -DPACKAGE=\"noise-c\" -DVERSION=\"0.0.1\" -DHAVE_STDIO_H=1 -DHAVE_STDLIB_H=1 -DHAVE_STRING_H=1 -DHAVE_INTTYPES_H=1 -DHAVE_STDINT_H=1 -DHAVE_STRINGS_H=1 -DHAVE_SYS_STAT_H=1 -DHAVE_SYS_TYPES_H=1 -DHAVE_UNISTD_H=1 -DSTDC_HEADERS=1 -DSIZEOF_VOID_P=8 -DHAVE_LIBRT=1 -DHAVE_POLL=1 -DHAVE_PTHREAD_PRIO_INHERIT=1 -I.  -I../../include    -Wall   -g -O2 -pthread -MT generate.o -MD -MP -MF .deps/generate.Tpo -c -o generate.o generate.c
gcc -DPACKAGE_NAME=\"noise-c\" -DPACKAGE_TARNAME=\"noise-c\" -DPACKAGE_VERSION=\"0.0.1\" -DPACKAGE_STRING=\"noise-c\ 0.0.1\" -DPACKAGE_BUGREPORT=\"\" -DPACKAGE_URL=\"\" -DPACKAGE=\"noise-c\" -DVERSION=\"0.0.1\" -DHAVE_STDIO_H=1 -DHAVE_STDLIB_H=1 -DHAVE_STRING_H=1 -DHAVE_INTTYPES_H=1 -DHAVE_STDINT_H=1 -DHAVE_STRINGS_H=1 -DHAVE_SYS_STAT_H=1 -DHAVE_SYS_TYPES_H=1 -DHAVE_UNISTD_H=1 -DSTDC_HEADERS=1 -DSIZEOF_VOID_P=8 -DHAVE_LIBRT=1 -DHAVE_POLL=1 -DHAVE_PTHREAD_PRIO_INHERIT=1 -I.  -I../../include    -Wall   -g -O2 -pthread -MT keytool.o -MD -MP -MF .deps/keytool.Tpo -c -o keytool.o keytool.c
gcc -DPACKAGE_NAME=\"noise-c\" -DPACKAGE_TARNAME=\"noise-c\" -DPACKAGE_VERSION=\"0.0.1\" -DPACKAGE_STRING=\"noise-c\ 0.0.1\" -DPACKAGE_BUGREPORT=\"\" -DPACKAGE_URL=\"\" -DPACKAGE=\"noise-c\" -DVERSION=\"0.0.1\" -DHAVE_STDIO_H=1 -DHAVE_STDLIB_H=1 -DHAVE_STRING_H=1 -DHAVE_INTTYPES_H=1 -DHAVE_STDINT_H=1 -DHAVE_STRINGS_H=1 -DHAVE_SYS_STAT_H=1 -DHAVE_SYS_TYPES_H=1 -DHAVE_UNISTD_H=1 -DSTDC_HEADERS=1 -DSIZEOF_VOID_P=8 -DHAVE_LIBRT=1 -DHAVE_POLL=1 -DHAVE_PTHREAD_PRIO_INHERIT=1 -I.  -I../../include    -Wall   -g -O2 -pthread -MT show.o -MD -MP -MF .deps/show.Tpo -c -o show.o show.c
gcc -DPACKAGE_NAME=\"noise-c\" -DPACKAGE_TARNAME=\"noise-c\" -DPACKAGE_VERSION=\"0.0.1\" -DPACKAGE_STRING=\"noise-c\ 0.0.1\" -DPACKAGE_BUGREPORT=\"\" -DPACKAGE_URL=\"\" -DPACKAGE=\"noise-c\" -DVERSION=\"0.0.1\" -DHAVE_STDIO_H=1 -DHAVE_STDLIB_H=1 -DHAVE_STRING_H=1 -DHAVE_INTTYPES_H=1 -DHAVE_STDINT_H=1 -DHAVE_STRINGS_H=1 -DHAVE_SYS_STAT_H=1 -DHAVE_SYS_TYPES_H=1 -DHAVE_UNISTD_H=1 -DSTDC_HEADERS=1 -DSIZEOF_VOID_P=8 -DHAVE_LIBRT=1 -DHAVE_POLL=1 -DHAVE_PTHREAD_PRIO_INHERIT=1 -I.  -I../../include    -Wall   -g -O2 -pthread -MT sign.o -MD -MP -MF .deps/sign.Tpo -c -o sign.o sign.c
mv -f .deps/keytool.Tpo .deps/keytool.Po
mv -f .deps/sign.Tpo .deps/sign.Po
mv -f .deps/show.Tpo .deps/show.Po
mv -f .deps/generate.Tpo .deps/generate.Po
gcc -Wall   -g -O2 -pthread   -o noise-keytool generate.o keytool.o show.o sign.o ../../src/keys/libnoisekeys.a ../../src/protobufs/libnoiseprotobufs.a ../../src/protocol/libnoiseprotocol.a -loqs   -lrt 
ld: library not found for -lrt
clang: error: linker command failed with exit code 1 (use -v to see invocation)
make[2]: *** [noise-keytool] Error 1
make[1]: *** [all-recursive] Error 1
make: *** [all-recursive] Error 1
